01:32:56.423 [TestNG-tests-1] INFO  testCases.TC001_AccountRegistrationTest - clicked on Register
01:32:58.254 [TestNG-tests-1] INFO  testCases.TC001_AccountRegistrationTest - Validating confirmation message
01:32:58.296 [TestNG-tests-1] INFO  testCases.TC001_AccountRegistrationTest - ****** Finished TC001_AccountRegistrationTest ******
16:46:22.487 [TestNG-tests-2] INFO  testCases.TC002_AccountLogInTest - ****** accountLogInValidation test started ******
16:46:22.487 [TestNG-tests-1] INFO  testCases.TC002_AccountLogInTest - ****** accountLogInValidation test started ******
16:46:45.893 [TestNG-tests-2] INFO  testCases.TC001_AccountRegistrationTest - ****** Starting TC001_AccountRegistrationTest ******
16:46:46.104 [TestNG-tests-2] INFO  testCases.TC001_AccountRegistrationTest - clicked on My account
16:46:46.493 [TestNG-tests-2] INFO  testCases.TC001_AccountRegistrationTest - clicked on Register
16:46:48.105 [TestNG-tests-2] INFO  testCases.TC001_AccountRegistrationTest - Validating confirmation message
16:46:48.156 [TestNG-tests-2] INFO  testCases.TC001_AccountRegistrationTest - ****** Finished TC001_AccountRegistrationTest ******
16:49:16.708 [TestNG-tests-2] INFO  testCases.TC001_AccountRegistrationTest - ****** Starting TC001_AccountRegistrationTest ******
16:49:16.708 [TestNG-tests-1] INFO  testCases.TC002_AccountLogInTest - ****** accountLogInValidation test started ******
16:49:16.941 [TestNG-tests-2] INFO  testCases.TC001_AccountRegistrationTest - clicked on My account
16:50:48.605 [main] INFO  testCases.TC002_AccountLogInTest - ****** accountLogInValidation test started ******
16:50:49.068 [main] INFO  testCases.TC002_AccountLogInTest - Passing Email and Password................
16:50:50.118 [main] INFO  testCases.TC002_AccountLogInTest - Clicked on login button....................
16:50:50.118 [main] INFO  testCases.TC002_AccountLogInTest - Getting the "My Account" text....................
16:50:50.222 [main] INFO  testCases.TC002_AccountLogInTest - accountLogInValidation test completed....................
16:50:52.168 [main] INFO  testCases.TC001_AccountRegistrationTest - ****** Starting TC001_AccountRegistrationTest ******
16:50:52.306 [main] INFO  testCases.TC001_AccountRegistrationTest - clicked on My account
16:50:52.758 [main] INFO  testCases.TC001_AccountRegistrationTest - clicked on Register
16:50:53.551 [main] INFO  testCases.TC001_AccountRegistrationTest - Validating confirmation message
16:50:54.909 [main] INFO  testCases.TC001_AccountRegistrationTest - ****** Finished TC001_AccountRegistrationTest ******
15:31:59.586 [main] INFO  testCases.TC002_AccountLogInTest - ****** accountLogInValidation test started ******
15:34:14.914 [main] INFO  testCases.TC002_AccountLogInTest - ****** accountLogInValidation test started ******
15:35:13.660 [main] INFO  testCases.TC002_AccountLogInTest - ****** accountLogInValidation test started ******
15:35:14.325 [main] INFO  testCases.TC002_AccountLogInTest - Passing Email and Password................
15:35:15.866 [main] INFO  testCases.TC002_AccountLogInTest - Clicked on login button....................
15:35:15.866 [main] INFO  testCases.TC002_AccountLogInTest - Getting the "My Account" text....................
15:35:16.092 [main] INFO  testCases.TC002_AccountLogInTest - accountLogInValidation test completed....................
15:35:18.219 [main] INFO  testCases.TC001_AccountRegistrationTest - ****** Starting TC001_AccountRegistrationTest ******
15:35:18.441 [main] INFO  testCases.TC001_AccountRegistrationTest - clicked on My account
15:35:18.979 [main] INFO  testCases.TC001_AccountRegistrationTest - clicked on Register
15:35:21.091 [main] INFO  testCases.TC001_AccountRegistrationTest - Validating confirmation message
15:35:21.167 [main] INFO  testCases.TC001_AccountRegistrationTest - ****** Finished TC001_AccountRegistrationTest ******
15:35:29.460 [main] INFO  testCases.TC002_AccountLogInTest - ****** accountLogInValidation test started ******
15:35:30.056 [main] INFO  testCases.TC002_AccountLogInTest - Passing Email and Password................
15:35:31.072 [main] INFO  testCases.TC002_AccountLogInTest - Clicked on login button....................
15:35:31.073 [main] INFO  testCases.TC002_AccountLogInTest - Getting the "My Account" text....................
15:35:31.193 [main] INFO  testCases.TC002_AccountLogInTest - accountLogInValidation test completed....................
15:35:36.883 [main] INFO  testCases.TC001_AccountRegistrationTest - ****** Starting TC001_AccountRegistrationTest ******
15:35:37.056 [main] INFO  testCases.TC001_AccountRegistrationTest - clicked on My account
15:35:37.629 [main] INFO  testCases.TC001_AccountRegistrationTest - clicked on Register
15:35:39.036 [main] INFO  testCases.TC001_AccountRegistrationTest - Validating confirmation message
15:35:39.116 [main] INFO  testCases.TC001_AccountRegistrationTest - ****** Finished TC001_AccountRegistrationTest ******
15:40:24.520 [main] INFO  testCases.TC002_AccountLogInTest - ****** accountLogInValidation test started ******
15:40:25.192 [main] INFO  testCases.TC002_AccountLogInTest - Passing Email and Password................
15:40:26.476 [main] INFO  testCases.TC002_AccountLogInTest - Clicked on login button....................
15:40:26.476 [main] INFO  testCases.TC002_AccountLogInTest - Getting the "My Account" text....................
15:40:26.626 [main] INFO  testCases.TC002_AccountLogInTest - accountLogInValidation test completed....................
15:40:28.363 [main] INFO  testCases.TC001_AccountRegistrationTest - ****** Starting TC001_AccountRegistrationTest ******
15:40:28.628 [main] INFO  testCases.TC001_AccountRegistrationTest - clicked on My account
15:40:29.128 [main] INFO  testCases.TC001_AccountRegistrationTest - clicked on Register
15:40:31.179 [main] INFO  testCases.TC001_AccountRegistrationTest - Validating confirmation message
15:40:31.255 [main] INFO  testCases.TC001_AccountRegistrationTest - ****** Finished TC001_AccountRegistrationTest ******
15:40:37.725 [main] INFO  testCases.TC002_AccountLogInTest - ****** accountLogInValidation test started ******
15:40:38.535 [main] INFO  testCases.TC002_AccountLogInTest - Passing Email and Password................
15:40:39.475 [main] INFO  testCases.TC002_AccountLogInTest - Clicked on login button....................
15:40:39.475 [main] INFO  testCases.TC002_AccountLogInTest - Getting the "My Account" text....................
15:40:39.584 [main] INFO  testCases.TC002_AccountLogInTest - accountLogInValidation test completed....................
15:40:45.323 [main] INFO  testCases.TC001_AccountRegistrationTest - ****** Starting TC001_AccountRegistrationTest ******
15:40:45.629 [main] INFO  testCases.TC001_AccountRegistrationTest - clicked on My account
15:40:46.155 [main] INFO  testCases.TC001_AccountRegistrationTest - clicked on Register
15:40:48.127 [main] INFO  testCases.TC001_AccountRegistrationTest - Validating confirmation message
15:40:48.182 [main] INFO  testCases.TC001_AccountRegistrationTest - ****** Finished TC001_AccountRegistrationTest ******
18:18:12.863 [main] INFO  testCases.TC002_AccountLogInTest - ****** accountLogInValidation test started ******
18:18:13.501 [main] INFO  testCases.TC002_AccountLogInTest - Passing Email and Password................
18:18:14.762 [main] INFO  testCases.TC002_AccountLogInTest - Clicked on login button....................
18:18:14.762 [main] INFO  testCases.TC002_AccountLogInTest - Getting the "My Account" text....................
18:18:14.959 [main] INFO  testCases.TC002_AccountLogInTest - accountLogInValidation test completed....................
18:18:16.979 [main] INFO  testCases.TC001_AccountRegistrationTest - ****** Starting TC001_AccountRegistrationTest ******
18:18:17.133 [main] INFO  testCases.TC001_AccountRegistrationTest - clicked on My account
18:18:17.580 [main] INFO  testCases.TC001_AccountRegistrationTest - clicked on Register
18:18:19.729 [main] INFO  testCases.TC001_AccountRegistrationTest - Validating confirmation message
18:18:19.833 [main] INFO  testCases.TC001_AccountRegistrationTest - ****** Finished TC001_AccountRegistrationTest ******
18:18:28.229 [main] INFO  testCases.TC002_AccountLogInTest - ****** accountLogInValidation test started ******
18:18:28.924 [main] INFO  testCases.TC002_AccountLogInTest - Passing Email and Password................
18:18:29.972 [main] INFO  testCases.TC002_AccountLogInTest - Clicked on login button....................
18:18:29.972 [main] INFO  testCases.TC002_AccountLogInTest - Getting the "My Account" text....................
18:18:30.127 [main] INFO  testCases.TC002_AccountLogInTest - accountLogInValidation test completed....................
18:18:35.580 [main] INFO  testCases.TC001_AccountRegistrationTest - ****** Starting TC001_AccountRegistrationTest ******
18:18:35.881 [main] INFO  testCases.TC001_AccountRegistrationTest - clicked on My account
18:18:36.340 [main] INFO  testCases.TC001_AccountRegistrationTest - clicked on Register
18:18:38.188 [main] INFO  testCases.TC001_AccountRegistrationTest - Validating confirmation message
18:18:38.243 [main] INFO  testCases.TC001_AccountRegistrationTest - ****** Finished TC001_AccountRegistrationTest ******
18:38:40.253 [main] INFO  testCases.TC002_AccountLogInTest - ****** accountLogInValidation test started ******
18:38:40.966 [main] INFO  testCases.TC002_AccountLogInTest - Passing Email and Password................
18:38:42.466 [main] INFO  testCases.TC002_AccountLogInTest - Clicked on login button....................
18:38:42.466 [main] INFO  testCases.TC002_AccountLogInTest - Getting the "My Account" text....................
18:38:42.644 [main] INFO  testCases.TC002_AccountLogInTest - accountLogInValidation test completed....................
18:38:44.548 [main] INFO  testCases.TC001_AccountRegistrationTest - ****** Starting TC001_AccountRegistrationTest ******
18:38:44.781 [main] INFO  testCases.TC001_AccountRegistrationTest - clicked on My account
18:38:45.303 [main] INFO  testCases.TC001_AccountRegistrationTest - clicked on Register
18:38:47.414 [main] INFO  testCases.TC001_AccountRegistrationTest - Validating confirmation message
18:38:47.496 [main] INFO  testCases.TC001_AccountRegistrationTest - ****** Finished TC001_AccountRegistrationTest ******
18:38:54.728 [main] INFO  testCases.TC002_AccountLogInTest - ****** accountLogInValidation test started ******
18:38:55.302 [main] INFO  testCases.TC002_AccountLogInTest - Passing Email and Password................
18:38:56.333 [main] INFO  testCases.TC002_AccountLogInTest - Clicked on login button....................
18:38:56.333 [main] INFO  testCases.TC002_AccountLogInTest - Getting the "My Account" text....................
18:38:56.457 [main] INFO  testCases.TC002_AccountLogInTest - accountLogInValidation test completed....................
18:39:02.717 [main] INFO  testCases.TC001_AccountRegistrationTest - ****** Starting TC001_AccountRegistrationTest ******
18:39:02.880 [main] INFO  testCases.TC001_AccountRegistrationTest - clicked on My account
18:39:03.540 [main] INFO  testCases.TC001_AccountRegistrationTest - clicked on Register
18:39:05.267 [main] INFO  testCases.TC001_AccountRegistrationTest - Validating confirmation message
18:39:05.325 [main] INFO  testCases.TC001_AccountRegistrationTest - ****** Finished TC001_AccountRegistrationTest ******
00:30:47.146 [main] INFO  testCases.TC001_AccountRegistrationTest - ****** Starting TC001_AccountRegistrationTest ******
00:30:47.550 [main] INFO  testCases.TC001_AccountRegistrationTest - clicked on My account
00:30:48.211 [main] INFO  testCases.TC001_AccountRegistrationTest - clicked on Register
00:30:51.669 [main] INFO  testCases.TC001_AccountRegistrationTest - Validating confirmation message
00:30:51.735 [main] INFO  testCases.TC001_AccountRegistrationTest - ****** Finished TC001_AccountRegistrationTest ******
00:32:54.552 [main] INFO  testCases.TC002_AccountLogInTest - ****** accountLogInValidation test started ******
00:32:55.320 [main] INFO  testCases.TC002_AccountLogInTest - Passing Email and Password................
00:32:56.826 [main] INFO  testCases.TC002_AccountLogInTest - Clicked on login button....................
00:32:56.826 [main] INFO  testCases.TC002_AccountLogInTest - Getting the "My Account" text....................
00:32:57.026 [main] INFO  testCases.TC002_AccountLogInTest - accountLogInValidation test completed....................
00:33:01.292 [main] INFO  testCases.TC001_AccountRegistrationTest - ****** Starting TC001_AccountRegistrationTest ******
00:33:01.621 [main] INFO  testCases.TC001_AccountRegistrationTest - clicked on My account
00:33:02.335 [main] INFO  testCases.TC001_AccountRegistrationTest - clicked on Register
00:33:05.019 [main] INFO  testCases.TC001_AccountRegistrationTest - Validating confirmation message
00:33:05.090 [main] INFO  testCases.TC001_AccountRegistrationTest - ****** Finished TC001_AccountRegistrationTest ******
00:42:27.464 [main] INFO  testCases.TC002_AccountLogInTest - ****** accountLogInValidation test started ******
00:42:27.943 [main] INFO  testCases.TC002_AccountLogInTest - Passing Email and Password................
00:42:28.286 [main] INFO  testCases.TC002_AccountLogInTest - Clicked on login button....................
00:42:28.286 [main] INFO  testCases.TC002_AccountLogInTest - Getting the "My Account" text....................
00:42:29.189 [main] INFO  testCases.TC002_AccountLogInTest - accountLogInValidation test completed....................
00:42:31.770 [main] INFO  testCases.TC001_AccountRegistrationTest - ****** Starting TC001_AccountRegistrationTest ******
00:42:32.024 [main] INFO  testCases.TC001_AccountRegistrationTest - clicked on My account
00:42:32.681 [main] INFO  testCases.TC001_AccountRegistrationTest - clicked on Register
00:42:35.235 [main] INFO  testCases.TC001_AccountRegistrationTest - Validating confirmation message
00:42:35.348 [main] INFO  testCases.TC001_AccountRegistrationTest - ****** Finished TC001_AccountRegistrationTest ******
18:15:56.203 [main] INFO  testCases.TC002_AccountLogInTest - ****** accountLogInValidation test started ******
18:15:56.762 [main] INFO  testCases.TC002_AccountLogInTest - Passing Email and Password................
18:15:58.086 [main] INFO  testCases.TC002_AccountLogInTest - Clicked on login button....................
18:15:58.086 [main] INFO  testCases.TC002_AccountLogInTest - Getting the "My Account" text....................
18:15:58.178 [main] INFO  testCases.TC002_AccountLogInTest - accountLogInValidation test completed....................
18:16:00.137 [main] INFO  testCases.TC001_AccountRegistrationTest - ****** Starting TC001_AccountRegistrationTest ******
18:16:00.272 [main] INFO  testCases.TC001_AccountRegistrationTest - clicked on My account
18:16:00.679 [main] INFO  testCases.TC001_AccountRegistrationTest - clicked on Register
18:16:01.600 [main] INFO  testCases.TC001_AccountRegistrationTest - Validating confirmation message
18:16:02.464 [main] INFO  testCases.TC001_AccountRegistrationTest - ****** Finished TC001_AccountRegistrationTest ******
18:34:20.225 [main] INFO  testCases.TC002_AccountLogInTest - ****** accountLogInValidation test started ******
18:34:20.690 [main] INFO  testCases.TC002_AccountLogInTest - Passing Email and Password................
18:34:21.862 [main] INFO  testCases.TC002_AccountLogInTest - Clicked on login button....................
18:34:21.862 [main] INFO  testCases.TC002_AccountLogInTest - Getting the "My Account" text....................
18:34:21.956 [main] INFO  testCases.TC002_AccountLogInTest - accountLogInValidation test completed....................
18:34:23.924 [main] INFO  testCases.TC001_AccountRegistrationTest - ****** Starting TC001_AccountRegistrationTest ******
18:34:24.037 [main] INFO  testCases.TC001_AccountRegistrationTest - clicked on My account
18:34:24.425 [main] INFO  testCases.TC001_AccountRegistrationTest - clicked on Register
18:34:26.089 [main] INFO  testCases.TC001_AccountRegistrationTest - Validating confirmation message
18:34:26.138 [main] INFO  testCases.TC001_AccountRegistrationTest - ****** Finished TC001_AccountRegistrationTest ******
